[debug] [2020-06-15T13:20:36.807Z] ----------------------------------------------------------------------
[debug] [2020-06-15T13:20:36.813Z] Command:       C:\Program Files\nodejs\node.exe C:\Users\New\AppData\Roaming\npm\node_modules\firebase-tools\lib\bin\firebase.js init
[debug] [2020-06-15T13:20:36.814Z] CLI Version:   8.4.2
[debug] [2020-06-15T13:20:36.814Z] Platform:      win32
[debug] [2020-06-15T13:20:36.814Z] Node Version:  v12.16.2
[debug] [2020-06-15T13:20:36.879Z] Time:          Mon Jun 15 2020 18:50:36 GMT+0530 (India Standard Time)
[debug] [2020-06-15T13:20:36.880Z] ----------------------------------------------------------------------
[debug] [2020-06-15T13:20:36.880Z] 
[debug] [2020-06-15T13:20:37.035Z] > command requires scopes: ["email","openid","https://www.googleapis.com/auth/cloudplatformprojects.readonly","https://www.googleapis.com/auth/firebase","https://www.googleapis.com/auth/cloud-platform"]
[debug] [2020-06-15T13:20:37.038Z] > authorizing via signed-in user
[info] 
     ######## #### ########  ######## ########     ###     ######  ########
     ##        ##  ##     ## ##       ##     ##  ##   ##  ##       ##
     ######    ##  ########  ######   ########  #########  ######  ######
     ##        ##  ##    ##  ##       ##     ## ##     ##       ## ##
     ##       #### ##     ## ######## ########  ##     ##  ######  ########

You're about to initialize a Firebase project in this directory:

  E:\Angular Project FinanceApplication\FinanceApplication

Before we get started, keep in mind:

  * You are initializing in an existing Firebase project directory

